{
  "RSpec": {
    "coverage": {
      "/Users/cwong/Documents/oystercard/oystercard_day3/spec/oystercard_spec.rb": [
        1,
        null,
        1,
        12,
        5,
        null,
        1,
        1,
        null,
        null,
        1,
        4,
        null,
        null,
        null,
        null,
        1,
        1,
        1,
        2,
        null,
        null,
        2,
        null,
        1,
        1,
        6,
        null,
        null,
        1,
        1,
        null,
        null,
        1,
        1,
        null,
        null,
        1,
        1,
        1,
        1,
        1,
        null,
        null,
        1,
        4,
        null,
        null,
        1,
        1,
        1,
        null,
        null,
        1,
        1,
        1,
        1,
        null,
        null,
        null,
        null,
        1,
        1,
        2,
        null,
        null,
        null,
        null
      ],
      "/Users/cwong/Documents/oystercard/oystercard_day3/lib/oystercard.rb": [
        1,
        1,
        null,
        1,
        1,
        1,
        1,
        null,
        1,
        11,
        null,
        null,
        1,
        9,
        8,
        null,
        null,
        1,
        4,
        3,
        3,
        null,
        null,
        1,
        3,
        3,
        3,
        null,
        null,
        1,
        4,
        null,
        null,
        1,
        null,
        1,
        9,
        null,
        null,
        1,
        4,
        null,
        null,
        1,
        3,
        null,
        null,
        null
      ]
    },
    "timestamp": 1507132379
  }
}
